<?xml version="1.0" encoding="UTF-8"?>
<!-- Generated by org.testng.reporters.JUnitReportReporter -->
<testsuite hostname="360e4311ff65" failures="0" tests="20" name="com.maddysk.tests.flightreservation.FlightReservationTest" time="84.790" errors="0" timestamp="2023-09-19T20:09:10 GMT" skipped="0">
  <testcase classname="com.maddysk.tests.flightreservation.FlightReservationTest" name="registrationConfirmationTest" time="3.905"/>
  <testcase classname="com.maddysk.tests.flightreservation.FlightReservationTest" name="registrationConfirmationTest" time="3.809"/>
  <testcase classname="com.maddysk.tests.flightreservation.FlightReservationTest" name="flightsSelectionTest" time="2.887"/>
  <testcase classname="com.maddysk.tests.flightreservation.FlightReservationTest" name="flightReservationConfirmationTest" time="0.641"/>
  <testcase classname="com.maddysk.tests.flightreservation.FlightReservationTest" name="userRegistrationTest" time="9.330"/>
  <testcase classname="com.maddysk.tests.flightreservation.FlightReservationTest" name="registrationConfirmationTest" time="1.503"/>
  <testcase classname="com.maddysk.tests.flightreservation.FlightReservationTest" name="flightsSearchTest" time="3.783"/>
  <testcase classname="com.maddysk.tests.flightreservation.FlightReservationTest" name="userRegistrationTest" time="9.585"/>
  <testcase classname="com.maddysk.tests.flightreservation.FlightReservationTest" name="flightsSelectionTest" time="3.483"/>
  <testcase classname="com.maddysk.tests.flightreservation.FlightReservationTest" name="flightsSelectionTest" time="3.850"/>
  <testcase classname="com.maddysk.tests.flightreservation.FlightReservationTest" name="userRegistrationTest" time="9.739"/>
  <testcase classname="com.maddysk.tests.flightreservation.FlightReservationTest" name="flightsSelectionTest" time="3.602"/>
  <testcase classname="com.maddysk.tests.flightreservation.FlightReservationTest" name="flightsSearchTest" time="4.217"/>
  <testcase classname="com.maddysk.tests.flightreservation.FlightReservationTest" name="flightsSearchTest" time="3.301"/>
  <testcase classname="com.maddysk.tests.flightreservation.FlightReservationTest" name="flightReservationConfirmationTest" time="1.646"/>
  <testcase classname="com.maddysk.tests.flightreservation.FlightReservationTest" name="flightReservationConfirmationTest" time="1.229"/>
  <testcase classname="com.maddysk.tests.flightreservation.FlightReservationTest" name="userRegistrationTest" time="10.101"/>
  <testcase classname="com.maddysk.tests.flightreservation.FlightReservationTest" name="flightReservationConfirmationTest" time="3.169"/>
  <testcase classname="com.maddysk.tests.flightreservation.FlightReservationTest" name="flightsSearchTest" time="1.759"/>
  <testcase classname="com.maddysk.tests.flightreservation.FlightReservationTest" name="registrationConfirmationTest" time="3.251"/>
</testsuite> <!-- com.maddysk.tests.flightreservation.FlightReservationTest -->
