<?xml version="1.0" encoding="UTF-8"?>
<!-- Generated by org.testng.reporters.JUnitReportReporter -->
<testsuite hostname="Maddys-MBP.hsd1.md.comcast.net" failures="0" tests="9" name="com.vinsguru.tests.vendorportal.VendorPortalTest" time="28.725" errors="0" timestamp="2023-09-16T17:37:07 EDT" skipped="0">
  <testcase classname="com.vinsguru.tests.vendorportal.VendorPortalTest" name="logoutTest" time="1.917"/>
  <system-out/>
  <testcase classname="com.vinsguru.tests.vendorportal.VendorPortalTest" name="dashboardTest" time="3.518"/>
  <system-out/>
  <testcase classname="com.vinsguru.tests.vendorportal.VendorPortalTest" name="logoutTest" time="2.480"/>
  <system-out/>
  <testcase classname="com.vinsguru.tests.vendorportal.VendorPortalTest" name="loginTest" time="3.999"/>
  <system-out/>
  <testcase classname="com.vinsguru.tests.vendorportal.VendorPortalTest" name="dashboardTest" time="1.562"/>
  <system-out/>
  <testcase classname="com.vinsguru.tests.vendorportal.VendorPortalTest" name="loginTest" time="3.918"/>
  <system-out/>
  <testcase classname="com.vinsguru.tests.vendorportal.VendorPortalTest" name="dashboardTest" time="4.277"/>
  <system-out/>
  <testcase classname="com.vinsguru.tests.vendorportal.VendorPortalTest" name="logoutTest" time="3.250"/>
  <system-out/>
  <testcase classname="com.vinsguru.tests.vendorportal.VendorPortalTest" name="loginTest" time="3.804"/>
  <system-out/>
</testsuite> <!-- com.vinsguru.tests.vendorportal.VendorPortalTest -->
