<?xml version="1.0" encoding="UTF-8"?>
<!-- Generated by org.testng.reporters.JUnitReportReporter -->
<testsuite hostname="Maddys-MBP.hsd1.md.comcast.net" failures="0" tests="20" name="com.maddysk.tests.flightreservation.FlightReservationTest" time="40.602" errors="0" timestamp="2023-09-19T11:24:58 EDT" skipped="0">
  <testcase classname="com.maddysk.tests.flightreservation.FlightReservationTest" name="flightsSelectionTest" time="2.452"/>
  <system-out/>
  <testcase classname="com.maddysk.tests.flightreservation.FlightReservationTest" name="flightsSearchTest" time="1.284"/>
  <system-out/>
  <testcase classname="com.maddysk.tests.flightreservation.FlightReservationTest" name="flightsSearchTest" time="2.452"/>
  <system-out/>
  <testcase classname="com.maddysk.tests.flightreservation.FlightReservationTest" name="registrationConfirmationTest" time="0.707"/>
  <system-out/>
  <testcase classname="com.maddysk.tests.flightreservation.FlightReservationTest" name="flightsSearchTest" time="0.794"/>
  <system-out/>
  <testcase classname="com.maddysk.tests.flightreservation.FlightReservationTest" name="userRegistrationTest" time="8.335"/>
  <system-out/>
  <testcase classname="com.maddysk.tests.flightreservation.FlightReservationTest" name="registrationConfirmationTest" time="1.871"/>
  <system-out/>
  <testcase classname="com.maddysk.tests.flightreservation.FlightReservationTest" name="flightsSelectionTest" time="0.837"/>
  <system-out/>
  <testcase classname="com.maddysk.tests.flightreservation.FlightReservationTest" name="flightsSearchTest" time="1.407"/>
  <system-out/>
  <testcase classname="com.maddysk.tests.flightreservation.FlightReservationTest" name="registrationConfirmationTest" time="0.807"/>
  <system-out/>
  <testcase classname="com.maddysk.tests.flightreservation.FlightReservationTest" name="registrationConfirmationTest" time="0.723"/>
  <system-out/>
  <testcase classname="com.maddysk.tests.flightreservation.FlightReservationTest" name="userRegistrationTest" time="2.890"/>
  <system-out/>
  <testcase classname="com.maddysk.tests.flightreservation.FlightReservationTest" name="flightsSelectionTest" time="1.279"/>
  <system-out/>
  <testcase classname="com.maddysk.tests.flightreservation.FlightReservationTest" name="flightReservationConfirmationTest" time="0.617"/>
  <system-out/>
  <testcase classname="com.maddysk.tests.flightreservation.FlightReservationTest" name="flightReservationConfirmationTest" time="1.129"/>
  <system-out/>
  <testcase classname="com.maddysk.tests.flightreservation.FlightReservationTest" name="userRegistrationTest" time="6.320"/>
  <system-out/>
  <testcase classname="com.maddysk.tests.flightreservation.FlightReservationTest" name="userRegistrationTest" time="4.279"/>
  <system-out/>
  <testcase classname="com.maddysk.tests.flightreservation.FlightReservationTest" name="flightReservationConfirmationTest" time="0.593"/>
  <system-out/>
  <testcase classname="com.maddysk.tests.flightreservation.FlightReservationTest" name="flightReservationConfirmationTest" time="0.612"/>
  <system-out/>
  <testcase classname="com.maddysk.tests.flightreservation.FlightReservationTest" name="flightsSelectionTest" time="1.214"/>
  <system-out/>
</testsuite> <!-- com.maddysk.tests.flightreservation.FlightReservationTest -->
